{"/Users/iasonaschristoulakis/Documents/System-Design-Projects/my-dynamodb-app/src/index.js": {"path":"/Users/iasonaschristoulakis/Documents/System-Design-Projects/my-dynamodb-app/src/index.js","statementMap":{"0":{"start":{"line":1,"column":16},"end":{"line":1,"column":34}},"1":{"start":{"line":2,"column":13},"end":{"line":2,"column":28}},"2":{"start":{"line":11,"column":4},"end":{"line":11,"column":39}},"3":{"start":{"line":13,"column":13},"end":{"line":13,"column":37}},"4":{"start":{"line":15,"column":12},"end":{"line":15,"column":21}},"5":{"start":{"line":17,"column":0},"end":{"line":17,"column":16}},"6":{"start":{"line":19,"column":0},"end":{"line":19,"column":24}},"7":{"start":{"line":22,"column":23},"end":{"line":27,"column":1}},"8":{"start":{"line":30,"column":15},"end":{"line":30,"column":49}},"9":{"start":{"line":33,"column":0},"end":{"line":62,"column":3}},"10":{"start":{"line":34,"column":2},"end":{"line":61,"column":3}},"11":{"start":{"line":36,"column":19},"end":{"line":38,"column":5}},"12":{"start":{"line":41,"column":20},"end":{"line":41,"column":43}},"13":{"start":{"line":42,"column":17},"end":{"line":42,"column":43}},"14":{"start":{"line":44,"column":4},"end":{"line":44,"column":55}},"15":{"start":{"line":48,"column":18},"end":{"line":55,"column":6}},"16":{"start":{"line":49,"column":6},"end":{"line":54,"column":8}},"17":{"start":{"line":57,"column":4},"end":{"line":57,"column":39}},"18":{"start":{"line":59,"column":4},"end":{"line":59,"column":54}},"19":{"start":{"line":60,"column":4},"end":{"line":60,"column":71}},"20":{"start":{"line":65,"column":0},"end":{"line":99,"column":3}},"21":{"start":{"line":68,"column":2},"end":{"line":98,"column":3}},"22":{"start":{"line":70,"column":19},"end":{"line":89,"column":5}},"23":{"start":{"line":90,"column":20},"end":{"line":90,"column":50}},"24":{"start":{"line":92,"column":17},"end":{"line":92,"column":43}},"25":{"start":{"line":93,"column":4},"end":{"line":93,"column":53}},"26":{"start":{"line":94,"column":4},"end":{"line":94,"column":56}},"27":{"start":{"line":96,"column":4},"end":{"line":96,"column":52}},"28":{"start":{"line":97,"column":4},"end":{"line":97,"column":32}},"29":{"start":{"line":102,"column":0},"end":{"line":145,"column":3}},"30":{"start":{"line":103,"column":39},"end":{"line":103,"column":47}},"31":{"start":{"line":106,"column":2},"end":{"line":110,"column":3}},"32":{"start":{"line":107,"column":4},"end":{"line":109,"column":77}},"33":{"start":{"line":114,"column":4},"end":{"line":114,"column":58}},"34":{"start":{"line":115,"column":36},"end":{"line":119,"column":3}},"35":{"start":{"line":122,"column":17},"end":{"line":130,"column":3}},"36":{"start":{"line":132,"column":2},"end":{"line":144,"column":3}},"37":{"start":{"line":134,"column":20},"end":{"line":134,"column":49}},"38":{"start":{"line":135,"column":17},"end":{"line":135,"column":43}},"39":{"start":{"line":136,"column":4},"end":{"line":136,"column":52}},"40":{"start":{"line":137,"column":4},"end":{"line":140,"column":7}},"41":{"start":{"line":142,"column":4},"end":{"line":142,"column":51}},"42":{"start":{"line":143,"column":4},"end":{"line":143,"column":68}},"43":{"start":{"line":147,"column":0},"end":{"line":197,"column":3}},"44":{"start":{"line":148,"column":2},"end":{"line":196,"column":3}},"45":{"start":{"line":150,"column":25},"end":{"line":150,"column":34}},"46":{"start":{"line":151,"column":4},"end":{"line":151,"column":52}},"47":{"start":{"line":154,"column":4},"end":{"line":156,"column":5}},"48":{"start":{"line":155,"column":6},"end":{"line":155,"column":77}},"49":{"start":{"line":159,"column":19},"end":{"line":166,"column":5}},"50":{"start":{"line":169,"column":20},"end":{"line":169,"column":44}},"51":{"start":{"line":170,"column":17},"end":{"line":170,"column":43}},"52":{"start":{"line":172,"column":4},"end":{"line":176,"column":5}},"53":{"start":{"line":173,"column":6},"end":{"line":175,"column":72}},"54":{"start":{"line":178,"column":4},"end":{"line":178,"column":65}},"55":{"start":{"line":181,"column":18},"end":{"line":188,"column":6}},"56":{"start":{"line":182,"column":6},"end":{"line":187,"column":8}},"57":{"start":{"line":190,"column":4},"end":{"line":190,"column":39}},"58":{"start":{"line":192,"column":4},"end":{"line":192,"column":64}},"59":{"start":{"line":193,"column":4},"end":{"line":195,"column":61}},"60":{"start":{"line":200,"column":0},"end":{"line":245,"column":3}},"61":{"start":{"line":201,"column":2},"end":{"line":244,"column":3}},"62":{"start":{"line":203,"column":41},"end":{"line":203,"column":49}},"63":{"start":{"line":204,"column":4},"end":{"line":210,"column":6}},"64":{"start":{"line":213,"column":4},"end":{"line":215,"column":5}},"65":{"start":{"line":214,"column":6},"end":{"line":214,"column":72}},"66":{"start":{"line":221,"column":21},"end":{"line":221,"column":37}},"67":{"start":{"line":224,"column":19},"end":{"line":232,"column":5}},"68":{"start":{"line":235,"column":20},"end":{"line":235,"column":46}},"69":{"start":{"line":236,"column":4},"end":{"line":236,"column":31}},"70":{"start":{"line":238,"column":4},"end":{"line":238,"column":57}},"71":{"start":{"line":240,"column":4},"end":{"line":240,"column":72}},"72":{"start":{"line":242,"column":4},"end":{"line":242,"column":48}},"73":{"start":{"line":243,"column":4},"end":{"line":243,"column":65}},"74":{"start":{"line":248,"column":0},"end":{"line":293,"column":3}},"75":{"start":{"line":249,"column":2},"end":{"line":292,"column":3}},"76":{"start":{"line":250,"column":18},"end":{"line":250,"column":26}},"77":{"start":{"line":253,"column":4},"end":{"line":257,"column":5}},"78":{"start":{"line":254,"column":6},"end":{"line":256,"column":76}},"79":{"start":{"line":260,"column":28},"end":{"line":280,"column":6}},"80":{"start":{"line":262,"column":6},"end":{"line":266,"column":7}},"81":{"start":{"line":263,"column":8},"end":{"line":265,"column":10}},"82":{"start":{"line":269,"column":21},"end":{"line":277,"column":7}},"83":{"start":{"line":279,"column":6},"end":{"line":279,"column":40}},"84":{"start":{"line":283,"column":4},"end":{"line":283,"column":78}},"85":{"start":{"line":283,"column":55},"end":{"line":283,"column":75}},"86":{"start":{"line":285,"column":4},"end":{"line":285,"column":44}},"87":{"start":{"line":286,"column":4},"end":{"line":286,"column":54}},"88":{"start":{"line":288,"column":4},"end":{"line":288,"column":49}},"89":{"start":{"line":289,"column":4},"end":{"line":291,"column":70}},"90":{"start":{"line":296,"column":0},"end":{"line":321,"column":3}},"91":{"start":{"line":297,"column":2},"end":{"line":320,"column":3}},"92":{"start":{"line":298,"column":19},"end":{"line":298,"column":29}},"93":{"start":{"line":301,"column":4},"end":{"line":303,"column":5}},"94":{"start":{"line":302,"column":6},"end":{"line":302,"column":73}},"95":{"start":{"line":305,"column":19},"end":{"line":310,"column":5}},"96":{"start":{"line":312,"column":20},"end":{"line":312,"column":49}},"97":{"start":{"line":313,"column":4},"end":{"line":313,"column":31}},"98":{"start":{"line":315,"column":4},"end":{"line":315,"column":45}},"99":{"start":{"line":316,"column":4},"end":{"line":316,"column":55}},"100":{"start":{"line":318,"column":4},"end":{"line":318,"column":51}},"101":{"start":{"line":319,"column":4},"end":{"line":319,"column":68}},"102":{"start":{"line":324,"column":0},"end":{"line":326,"column":3}},"103":{"start":{"line":325,"column":2},"end":{"line":325,"column":40}},"104":{"start":{"line":328,"column":13},"end":{"line":328,"column":37}},"105":{"start":{"line":329,"column":0},"end":{"line":331,"column":3}},"106":{"start":{"line":330,"column":2},"end":{"line":330,"column":51}},"107":{"start":{"line":333,"column":0},"end":{"line":333,"column":21}}},"fnMap":{"0":{"name":"(anonymous_0)","decl":{"start":{"line":33,"column":22},"end":{"line":33,"column":23}},"loc":{"start":{"line":33,"column":42},"end":{"line":62,"column":1}},"line":33},"1":{"name":"(anonymous_1)","decl":{"start":{"line":48,"column":33},"end":{"line":48,"column":34}},"loc":{"start":{"line":48,"column":43},"end":{"line":55,"column":5}},"line":48},"2":{"name":"(anonymous_2)","decl":{"start":{"line":65,"column":25},"end":{"line":65,"column":26}},"loc":{"start":{"line":65,"column":45},"end":{"line":99,"column":1}},"line":65},"3":{"name":"(anonymous_3)","decl":{"start":{"line":102,"column":24},"end":{"line":102,"column":25}},"loc":{"start":{"line":102,"column":44},"end":{"line":145,"column":1}},"line":102},"4":{"name":"(anonymous_4)","decl":{"start":{"line":147,"column":32},"end":{"line":147,"column":33}},"loc":{"start":{"line":147,"column":52},"end":{"line":197,"column":1}},"line":147},"5":{"name":"(anonymous_5)","decl":{"start":{"line":181,"column":33},"end":{"line":181,"column":34}},"loc":{"start":{"line":181,"column":43},"end":{"line":188,"column":5}},"line":181},"6":{"name":"(anonymous_6)","decl":{"start":{"line":200,"column":32},"end":{"line":200,"column":33}},"loc":{"start":{"line":200,"column":52},"end":{"line":245,"column":1}},"line":200},"7":{"name":"(anonymous_7)","decl":{"start":{"line":248,"column":23},"end":{"line":248,"column":24}},"loc":{"start":{"line":248,"column":43},"end":{"line":293,"column":1}},"line":248},"8":{"name":"(anonymous_8)","decl":{"start":{"line":260,"column":38},"end":{"line":260,"column":39}},"loc":{"start":{"line":260,"column":48},"end":{"line":280,"column":5}},"line":260},"9":{"name":"(anonymous_9)","decl":{"start":{"line":283,"column":42},"end":{"line":283,"column":43}},"loc":{"start":{"line":283,"column":55},"end":{"line":283,"column":75}},"line":283},"10":{"name":"(anonymous_10)","decl":{"start":{"line":296,"column":31},"end":{"line":296,"column":32}},"loc":{"start":{"line":296,"column":51},"end":{"line":321,"column":1}},"line":296},"11":{"name":"(anonymous_11)","decl":{"start":{"line":324,"column":13},"end":{"line":324,"column":14}},"loc":{"start":{"line":324,"column":27},"end":{"line":326,"column":1}},"line":324},"12":{"name":"(anonymous_12)","decl":{"start":{"line":329,"column":17},"end":{"line":329,"column":18}},"loc":{"start":{"line":329,"column":23},"end":{"line":331,"column":1}},"line":329}},"branchMap":{"0":{"loc":{"start":{"line":106,"column":2},"end":{"line":110,"column":3}},"type":"if","locations":[{"start":{"line":106,"column":2},"end":{"line":110,"column":3}},{"start":{},"end":{}}],"line":106},"1":{"loc":{"start":{"line":106,"column":6},"end":{"line":106,"column":40}},"type":"binary-expr","locations":[{"start":{"line":106,"column":6},"end":{"line":106,"column":9}},{"start":{"line":106,"column":13},"end":{"line":106,"column":19}},{"start":{"line":106,"column":23},"end":{"line":106,"column":30}},{"start":{"line":106,"column":34},"end":{"line":106,"column":40}}],"line":106},"2":{"loc":{"start":{"line":154,"column":4},"end":{"line":156,"column":5}},"type":"if","locations":[{"start":{"line":154,"column":4},"end":{"line":156,"column":5}},{"start":{},"end":{}}],"line":154},"3":{"loc":{"start":{"line":154,"column":8},"end":{"line":154,"column":36}},"type":"binary-expr","locations":[{"start":{"line":154,"column":8},"end":{"line":154,"column":17}},{"start":{"line":154,"column":21},"end":{"line":154,"column":36}}],"line":154},"4":{"loc":{"start":{"line":172,"column":4},"end":{"line":176,"column":5}},"type":"if","locations":[{"start":{"line":172,"column":4},"end":{"line":176,"column":5}},{"start":{},"end":{}}],"line":172},"5":{"loc":{"start":{"line":172,"column":8},"end":{"line":172,"column":46}},"type":"binary-expr","locations":[{"start":{"line":172,"column":8},"end":{"line":172,"column":19}},{"start":{"line":172,"column":23},"end":{"line":172,"column":46}}],"line":172},"6":{"loc":{"start":{"line":213,"column":4},"end":{"line":215,"column":5}},"type":"if","locations":[{"start":{"line":213,"column":4},"end":{"line":215,"column":5}},{"start":{},"end":{}}],"line":213},"7":{"loc":{"start":{"line":213,"column":8},"end":{"line":213,"column":42}},"type":"binary-expr","locations":[{"start":{"line":213,"column":8},"end":{"line":213,"column":11}},{"start":{"line":213,"column":15},"end":{"line":213,"column":21}},{"start":{"line":213,"column":25},"end":{"line":213,"column":32}},{"start":{"line":213,"column":36},"end":{"line":213,"column":42}}],"line":213},"8":{"loc":{"start":{"line":253,"column":4},"end":{"line":257,"column":5}},"type":"if","locations":[{"start":{"line":253,"column":4},"end":{"line":257,"column":5}},{"start":{},"end":{}}],"line":253},"9":{"loc":{"start":{"line":253,"column":8},"end":{"line":253,"column":51}},"type":"binary-expr","locations":[{"start":{"line":253,"column":8},"end":{"line":253,"column":29}},{"start":{"line":253,"column":33},"end":{"line":253,"column":51}}],"line":253},"10":{"loc":{"start":{"line":262,"column":6},"end":{"line":266,"column":7}},"type":"if","locations":[{"start":{"line":262,"column":6},"end":{"line":266,"column":7}},{"start":{},"end":{}}],"line":262},"11":{"loc":{"start":{"line":262,"column":10},"end":{"line":262,"column":64}},"type":"binary-expr","locations":[{"start":{"line":262,"column":10},"end":{"line":262,"column":18}},{"start":{"line":262,"column":22},"end":{"line":262,"column":33}},{"start":{"line":262,"column":37},"end":{"line":262,"column":49}},{"start":{"line":262,"column":53},"end":{"line":262,"column":64}}],"line":262},"12":{"loc":{"start":{"line":301,"column":4},"end":{"line":303,"column":5}},"type":"if","locations":[{"start":{"line":301,"column":4},"end":{"line":303,"column":5}},{"start":{},"end":{}}],"line":301},"13":{"loc":{"start":{"line":328,"column":13},"end":{"line":328,"column":37}},"type":"binary-expr","locations":[{"start":{"line":328,"column":13},"end":{"line":328,"column":29}},{"start":{"line":328,"column":33},"end":{"line":328,"column":37}}],"line":328}},"s":{"0":1,"1":1,"2":1,"3":1,"4":1,"5":1,"6":1,"7":1,"8":1,"9":1,"10":1,"11":1,"12":1,"13":1,"14":1,"15":1,"16":3,"17":1,"18":0,"19":0,"20":1,"21":0,"22":0,"23":0,"24":0,"25":0,"26":0,"27":0,"28":0,"29":1,"30":0,"31":0,"32":0,"33":0,"34":0,"35":0,"36":0,"37":0,"38":0,"39":0,"40":0,"41":0,"42":0,"43":1,"44":0,"45":0,"46":0,"47":0,"48":0,"49":0,"50":0,"51":0,"52":0,"53":0,"54":0,"55":0,"56":0,"57":0,"58":0,"59":0,"60":1,"61":2,"62":2,"63":2,"64":2,"65":0,"66":2,"67":2,"68":2,"69":2,"70":0,"71":0,"72":2,"73":2,"74":1,"75":0,"76":0,"77":0,"78":0,"79":0,"80":0,"81":0,"82":0,"83":0,"84":0,"85":0,"86":0,"87":0,"88":0,"89":0,"90":1,"91":1,"92":1,"93":1,"94":0,"95":1,"96":1,"97":1,"98":1,"99":1,"100":0,"101":0,"102":1,"103":1,"104":1,"105":1,"106":1,"107":1},"f":{"0":1,"1":3,"2":0,"3":0,"4":0,"5":0,"6":2,"7":0,"8":0,"9":0,"10":1,"11":1,"12":1},"b":{"0":[0,0],"1":[0,0,0,0],"2":[0,0],"3":[0,0],"4":[0,0],"5":[0,0],"6":[0,2],"7":[2,2,2,2],"8":[0,0],"9":[0,0],"10":[0,0],"11":[0,0,0,0],"12":[0,1],"13":[1,1]},"_coverageSchema":"1a1c01bbd47fc00a2c39e90264f33305004495a9","hash":"25669aeff233c05b6fd1e22d8b332fa6702d0bf4"}
,"/Users/iasonaschristoulakis/Documents/System-Design-Projects/my-dynamodb-app/src/models/Book.js": {"path":"/Users/iasonaschristoulakis/Documents/System-Design-Projects/my-dynamodb-app/src/models/Book.js","statementMap":{"0":{"start":{"line":4,"column":8},"end":{"line":4,"column":21}},"1":{"start":{"line":5,"column":8},"end":{"line":5,"column":27}},"2":{"start":{"line":6,"column":8},"end":{"line":6,"column":29}},"3":{"start":{"line":7,"column":8},"end":{"line":7,"column":27}},"4":{"start":{"line":11,"column":8},"end":{"line":16,"column":10}},"5":{"start":{"line":20,"column":8},"end":{"line":20,"column":70}},"6":{"start":{"line":24,"column":0},"end":{"line":24,"column":22}}},"fnMap":{"0":{"name":"(anonymous_0)","decl":{"start":{"line":3,"column":4},"end":{"line":3,"column":5}},"loc":{"start":{"line":3,"column":42},"end":{"line":8,"column":5}},"line":3},"1":{"name":"(anonymous_1)","decl":{"start":{"line":10,"column":4},"end":{"line":10,"column":5}},"loc":{"start":{"line":10,"column":17},"end":{"line":17,"column":5}},"line":10},"2":{"name":"(anonymous_2)","decl":{"start":{"line":19,"column":4},"end":{"line":19,"column":5}},"loc":{"start":{"line":19,"column":30},"end":{"line":21,"column":5}},"line":19}},"branchMap":{},"s":{"0":0,"1":0,"2":0,"3":0,"4":0,"5":0,"6":1},"f":{"0":0,"1":0,"2":0},"b":{},"_coverageSchema":"1a1c01bbd47fc00a2c39e90264f33305004495a9","hash":"e241a5b5c2aa6005fd77c9da5d9902ba789a18d3"}
}
