TN:
SF:src/index.js
FN:33,(anonymous_0)
FN:48,(anonymous_1)
FN:65,(anonymous_2)
FN:102,(anonymous_3)
FN:147,(anonymous_4)
FN:181,(anonymous_5)
FN:200,(anonymous_6)
FN:248,(anonymous_7)
FN:260,(anonymous_8)
FN:283,(anonymous_9)
FN:296,(anonymous_10)
FN:324,(anonymous_11)
FN:329,(anonymous_12)
FNF:13
FNH:6
FNDA:1,(anonymous_0)
FNDA:3,(anonymous_1)
FNDA:0,(anonymous_2)
FNDA:0,(anonymous_3)
FNDA:0,(anonymous_4)
FNDA:0,(anonymous_5)
FNDA:2,(anonymous_6)
FNDA:0,(anonymous_7)
FNDA:0,(anonymous_8)
FNDA:0,(anonymous_9)
FNDA:1,(anonymous_10)
FNDA:1,(anonymous_11)
FNDA:1,(anonymous_12)
DA:1,1
DA:2,1
DA:11,1
DA:13,1
DA:15,1
DA:17,1
DA:19,1
DA:22,1
DA:30,1
DA:33,1
DA:34,1
DA:36,1
DA:41,1
DA:42,1
DA:44,1
DA:48,1
DA:49,3
DA:57,1
DA:59,0
DA:60,0
DA:65,1
DA:68,0
DA:70,0
DA:90,0
DA:92,0
DA:93,0
DA:94,0
DA:96,0
DA:97,0
DA:102,1
DA:103,0
DA:106,0
DA:107,0
DA:114,0
DA:115,0
DA:122,0
DA:132,0
DA:134,0
DA:135,0
DA:136,0
DA:137,0
DA:142,0
DA:143,0
DA:147,1
DA:148,0
DA:150,0
DA:151,0
DA:154,0
DA:155,0
DA:159,0
DA:169,0
DA:170,0
DA:172,0
DA:173,0
DA:178,0
DA:181,0
DA:182,0
DA:190,0
DA:192,0
DA:193,0
DA:200,1
DA:201,2
DA:203,2
DA:204,2
DA:213,2
DA:214,0
DA:221,2
DA:224,2
DA:235,2
DA:236,2
DA:238,0
DA:240,0
DA:242,2
DA:243,2
DA:248,1
DA:249,0
DA:250,0
DA:253,0
DA:254,0
DA:260,0
DA:262,0
DA:263,0
DA:269,0
DA:279,0
DA:283,0
DA:285,0
DA:286,0
DA:288,0
DA:289,0
DA:296,1
DA:297,1
DA:298,1
DA:301,1
DA:302,0
DA:305,1
DA:312,1
DA:313,1
DA:315,1
DA:316,1
DA:318,0
DA:319,0
DA:324,1
DA:325,1
DA:328,1
DA:329,1
DA:330,1
DA:333,1
LF:107
LH:48
BRDA:106,0,0,0
BRDA:106,0,1,0
BRDA:106,1,0,0
BRDA:106,1,1,0
BRDA:106,1,2,0
BRDA:106,1,3,0
BRDA:154,2,0,0
BRDA:154,2,1,0
BRDA:154,3,0,0
BRDA:154,3,1,0
BRDA:172,4,0,0
BRDA:172,4,1,0
BRDA:172,5,0,0
BRDA:172,5,1,0
BRDA:213,6,0,0
BRDA:213,6,1,2
BRDA:213,7,0,2
BRDA:213,7,1,2
BRDA:213,7,2,2
BRDA:213,7,3,2
BRDA:253,8,0,0
BRDA:253,8,1,0
BRDA:253,9,0,0
BRDA:253,9,1,0
BRDA:262,10,0,0
BRDA:262,10,1,0
BRDA:262,11,0,0
BRDA:262,11,1,0
BRDA:262,11,2,0
BRDA:262,11,3,0
BRDA:301,12,0,0
BRDA:301,12,1,1
BRDA:328,13,0,1
BRDA:328,13,1,1
BRF:34
BRH:8
end_of_record
TN:
SF:src/models/Book.js
FN:3,(anonymous_0)
FN:10,(anonymous_1)
FN:19,(anonymous_2)
FNF:3
FNH:0
FNDA:0,(anonymous_0)
FNDA:0,(anonymous_1)
FNDA:0,(anonymous_2)
DA:4,0
DA:5,0
DA:6,0
DA:7,0
DA:11,0
DA:20,0
DA:24,1
LF:7
LH:1
BRF:0
BRH:0
end_of_record
